[0.477s] Invoking command in '/home/sim/sim_ws/src/f1tenth_gym_ros': PYTHONPATH=/home/sim/sim_ws/build/f1tenth_gym_ros/prefix_override:/home/sim/sim_ws/install/f1tenth_gym_ros/lib/python3.8/site-packages: /usr/bin/python3 setup.py egg_info --egg-base ../../build/f1tenth_gym_ros build --build-base /home/sim/sim_ws/build/f1tenth_gym_ros/build install --record /home/sim/sim_ws/build/f1tenth_gym_ros/install.log --single-version-externally-managed
[0.612s] running egg_info
[0.612s] writing ../../build/f1tenth_gym_ros/f1tenth_gym_ros.egg-info/PKG-INFO
[0.613s] writing dependency_links to ../../build/f1tenth_gym_ros/f1tenth_gym_ros.egg-info/dependency_links.txt
[0.613s] writing entry points to ../../build/f1tenth_gym_ros/f1tenth_gym_ros.egg-info/entry_points.txt
[0.614s] writing requirements to ../../build/f1tenth_gym_ros/f1tenth_gym_ros.egg-info/requires.txt
[0.614s] writing top-level names to ../../build/f1tenth_gym_ros/f1tenth_gym_ros.egg-info/top_level.txt
[0.651s] reading manifest file '../../build/f1tenth_gym_ros/f1tenth_gym_ros.egg-info/SOURCES.txt'
[0.652s] writing manifest file '../../build/f1tenth_gym_ros/f1tenth_gym_ros.egg-info/SOURCES.txt'
[0.652s] running build
[0.652s] running build_py
[0.652s] running install
[0.654s] running install_lib
[0.655s] running install_data
[0.656s] running install_egg_info
[0.658s] removing '/home/sim/sim_ws/install/f1tenth_gym_ros/lib/python3.8/site-packages/f1tenth_gym_ros-0.0.0-py3.8.egg-info' (and everything under it)
[0.660s] Copying ../../build/f1tenth_gym_ros/f1tenth_gym_ros.egg-info to /home/sim/sim_ws/install/f1tenth_gym_ros/lib/python3.8/site-packages/f1tenth_gym_ros-0.0.0-py3.8.egg-info
[0.663s] running install_scripts
[0.686s] Installing gym_bridge script to /home/sim/sim_ws/install/f1tenth_gym_ros/lib/f1tenth_gym_ros
[0.687s] writing list of installed files to '/home/sim/sim_ws/build/f1tenth_gym_ros/install.log'
[0.719s] Invoked command in '/home/sim/sim_ws/src/f1tenth_gym_ros' returned '0': PYTHONPATH=/home/sim/sim_ws/build/f1tenth_gym_ros/prefix_override:/home/sim/sim_ws/install/f1tenth_gym_ros/lib/python3.8/site-packages: /usr/bin/python3 setup.py egg_info --egg-base ../../build/f1tenth_gym_ros build --build-base /home/sim/sim_ws/build/f1tenth_gym_ros/build install --record /home/sim/sim_ws/build/f1tenth_gym_ros/install.log --single-version-externally-managed
