[0.000000] (-) TimerEvent: {}
[0.000734] (f1tenth_gym_ros) JobQueued: {'identifier': 'f1tenth_gym_ros', 'dependencies': OrderedDict()}
[0.000828] (f1tenth_gym_ros) JobStarted: {'identifier': 'f1tenth_gym_ros'}
[0.099305] (-) TimerEvent: {}
[0.201032] (-) TimerEvent: {}
[0.301644] (-) TimerEvent: {}
[0.402171] (-) TimerEvent: {}
[0.502478] (-) TimerEvent: {}
[0.563215] (f1tenth_gym_ros) Command: {'cmd': ['/usr/bin/python3', 'setup.py', 'egg_info', '--egg-base', '../../build/f1tenth_gym_ros', 'build', '--build-base', '/home/sim/sim_ws/build/f1tenth_gym_ros/build', 'install', '--record', '/home/sim/sim_ws/build/f1tenth_gym_ros/install.log', '--single-version-externally-managed'], 'cwd': '/home/sim/sim_ws/src/f1tenth_gym_ros', 'env': {'HOSTNAME': 'WHZ-50558', 'SHLVL': '1', 'HOME': '/home/ros', 'OLDPWD': '/home/sim', 'REMOTE_CONTAINERS': 'true', 'ROS_DISTRO': 'foxy', 'REMOTE_CONTAINERS_IPC': '/tmp/vscode-remote-containers-ipc-f6ca1058-a9cb-40fa-9836-78a814fcc9c6.sock', '_': '/usr/bin/cat', 'TERM': 'xterm', 'PATH': '/usr/local/sbin:/usr/local/bin:/usr/sbin:/usr/bin:/sbin:/bin', 'DISPLAY': ':0', 'REMOTE_CONTAINERS_SOCKETS': '["/home/ros/.gnupg/S.gpg-agent"]', 'LANG': 'C.UTF-8', 'LS_COLORS': '', 'ROS_DOMAIN_ID': '42', 'SHELL': '/bin/bash', 'ROS_AUTOMATIC_DISCOVERY_RANGE': 'LOCALHOST', 'LC_ALL': 'C.UTF-8', 'PWD': '/home/sim/sim_ws/build/f1tenth_gym_ros', 'COLCON': '1', 'PYTHONPATH': '/home/sim/sim_ws/build/f1tenth_gym_ros/prefix_override:/home/sim/sim_ws/install/f1tenth_gym_ros/lib/python3.8/site-packages:'}, 'shell': False}
[0.602670] (-) TimerEvent: {}
[0.703143] (-) TimerEvent: {}
[0.704330] (f1tenth_gym_ros) StdoutLine: {'line': b'running egg_info\n'}
[0.705123] (f1tenth_gym_ros) StdoutLine: {'line': b'writing ../../build/f1tenth_gym_ros/f1tenth_gym_ros.egg-info/PKG-INFO\n'}
[0.705627] (f1tenth_gym_ros) StdoutLine: {'line': b'writing dependency_links to ../../build/f1tenth_gym_ros/f1tenth_gym_ros.egg-info/dependency_links.txt\n'}
[0.705936] (f1tenth_gym_ros) StdoutLine: {'line': b'writing entry points to ../../build/f1tenth_gym_ros/f1tenth_gym_ros.egg-info/entry_points.txt\n'}
[0.706207] (f1tenth_gym_ros) StdoutLine: {'line': b'writing requirements to ../../build/f1tenth_gym_ros/f1tenth_gym_ros.egg-info/requires.txt\n'}
[0.706415] (f1tenth_gym_ros) StdoutLine: {'line': b'writing top-level names to ../../build/f1tenth_gym_ros/f1tenth_gym_ros.egg-info/top_level.txt\n'}
[0.741122] (f1tenth_gym_ros) StdoutLine: {'line': b"reading manifest file '../../build/f1tenth_gym_ros/f1tenth_gym_ros.egg-info/SOURCES.txt'\n"}
[0.742407] (f1tenth_gym_ros) StdoutLine: {'line': b"writing manifest file '../../build/f1tenth_gym_ros/f1tenth_gym_ros.egg-info/SOURCES.txt'\n"}
[0.742751] (f1tenth_gym_ros) StdoutLine: {'line': b'running build\n'}
[0.742894] (f1tenth_gym_ros) StdoutLine: {'line': b'running build_py\n'}
[0.743194] (f1tenth_gym_ros) StdoutLine: {'line': b'running install\n'}
[0.744045] (f1tenth_gym_ros) StdoutLine: {'line': b'running install_lib\n'}
[0.745339] (f1tenth_gym_ros) StdoutLine: {'line': b'running install_data\n'}
[0.745816] (f1tenth_gym_ros) StdoutLine: {'line': b'running install_egg_info\n'}
[0.747373] (f1tenth_gym_ros) StdoutLine: {'line': b"removing '/home/sim/sim_ws/install/f1tenth_gym_ros/lib/python3.8/site-packages/f1tenth_gym_ros-0.0.0-py3.8.egg-info' (and everything under it)\n"}
[0.747859] (f1tenth_gym_ros) StdoutLine: {'line': b'Copying ../../build/f1tenth_gym_ros/f1tenth_gym_ros.egg-info to /home/sim/sim_ws/install/f1tenth_gym_ros/lib/python3.8/site-packages/f1tenth_gym_ros-0.0.0-py3.8.egg-info\n'}
[0.750535] (f1tenth_gym_ros) StdoutLine: {'line': b'running install_scripts\n'}
[0.765569] (f1tenth_gym_ros) StdoutLine: {'line': b'Installing gym_bridge script to /home/sim/sim_ws/install/f1tenth_gym_ros/lib/f1tenth_gym_ros\n'}
[0.765978] (f1tenth_gym_ros) StdoutLine: {'line': b"writing list of installed files to '/home/sim/sim_ws/build/f1tenth_gym_ros/install.log'\n"}
[0.788786] (f1tenth_gym_ros) CommandEnded: {'returncode': 0}
[0.803254] (-) TimerEvent: {}
[0.826999] (f1tenth_gym_ros) JobEnded: {'identifier': 'f1tenth_gym_ros', 'rc': 0}
[0.828448] (-) EventReactorShutdown: {}
