[0.000000] (-) TimerEvent: {}
[0.001771] (f1tenth_gym_ros) JobQueued: {'identifier': 'f1tenth_gym_ros', 'dependencies': OrderedDict()}
[0.002009] (f1tenth_gym_ros) JobStarted: {'identifier': 'f1tenth_gym_ros'}
[0.101232] (-) TimerEvent: {}
[0.202697] (-) TimerEvent: {}
[0.303522] (-) TimerEvent: {}
[0.404494] (-) TimerEvent: {}
[0.505136] (-) TimerEvent: {}
[0.605912] (-) TimerEvent: {}
[0.706933] (-) TimerEvent: {}
[0.807527] (-) TimerEvent: {}
[0.841358] (f1tenth_gym_ros) Command: {'cmd': ['/usr/bin/python3', 'setup.py', 'egg_info', '--egg-base', '../../build/f1tenth_gym_ros', 'build', '--build-base', '/home/sim/sim_ws/build/f1tenth_gym_ros/build', 'install', '--record', '/home/sim/sim_ws/build/f1tenth_gym_ros/install.log', '--single-version-externally-managed'], 'cwd': '/home/sim/sim_ws/src/f1tenth_gym_ros', 'env': {'HOSTNAME': 'WHZ-50558', 'SHLVL': '1', 'HOME': '/home/ros', 'OLDPWD': '/home/sim', 'REMOTE_CONTAINERS': 'true', 'ROS_DISTRO': 'foxy', 'REMOTE_CONTAINERS_IPC': '/tmp/vscode-remote-containers-ipc-3871f520-f220-4989-8921-2846e5093f22.sock', '_': '/usr/bin/cat', 'TERM': 'xterm', 'PATH': '/usr/local/sbin:/usr/local/bin:/usr/sbin:/usr/bin:/sbin:/bin', 'DISPLAY': ':0', 'REMOTE_CONTAINERS_SOCKETS': '["/home/ros/.gnupg/S.gpg-agent"]', 'LANG': 'C.UTF-8', 'LS_COLORS': '', 'ROS_DOMAIN_ID': '42', 'SHELL': '/bin/bash', 'ROS_AUTOMATIC_DISCOVERY_RANGE': 'LOCALHOST', 'LC_ALL': 'C.UTF-8', 'PWD': '/home/sim/sim_ws/build/f1tenth_gym_ros', 'COLCON': '1', 'PYTHONPATH': '/home/sim/sim_ws/build/f1tenth_gym_ros/prefix_override:/home/sim/sim_ws/install/f1tenth_gym_ros/lib/python3.8/site-packages:'}, 'shell': False}
[0.907850] (-) TimerEvent: {}
[1.008603] (-) TimerEvent: {}
[1.037569] (f1tenth_gym_ros) StdoutLine: {'line': b'running egg_info\n'}
[1.038514] (f1tenth_gym_ros) StdoutLine: {'line': b'writing ../../build/f1tenth_gym_ros/f1tenth_gym_ros.egg-info/PKG-INFO\n'}
[1.039119] (f1tenth_gym_ros) StdoutLine: {'line': b'writing dependency_links to ../../build/f1tenth_gym_ros/f1tenth_gym_ros.egg-info/dependency_links.txt\n'}
[1.039458] (f1tenth_gym_ros) StdoutLine: {'line': b'writing entry points to ../../build/f1tenth_gym_ros/f1tenth_gym_ros.egg-info/entry_points.txt\n'}
[1.039930] (f1tenth_gym_ros) StdoutLine: {'line': b'writing requirements to ../../build/f1tenth_gym_ros/f1tenth_gym_ros.egg-info/requires.txt\n'}
[1.040135] (f1tenth_gym_ros) StdoutLine: {'line': b'writing top-level names to ../../build/f1tenth_gym_ros/f1tenth_gym_ros.egg-info/top_level.txt\n'}
[1.105838] (f1tenth_gym_ros) StdoutLine: {'line': b"reading manifest file '../../build/f1tenth_gym_ros/f1tenth_gym_ros.egg-info/SOURCES.txt'\n"}
[1.107576] (f1tenth_gym_ros) StdoutLine: {'line': b"writing manifest file '../../build/f1tenth_gym_ros/f1tenth_gym_ros.egg-info/SOURCES.txt'\n"}
[1.107847] (f1tenth_gym_ros) StdoutLine: {'line': b'running build\n'}
[1.108028] (f1tenth_gym_ros) StdoutLine: {'line': b'running build_py\n'}
[1.108331] (f1tenth_gym_ros) StdoutLine: {'line': b'running install\n'}
[1.108712] (-) TimerEvent: {}
[1.109289] (f1tenth_gym_ros) StdoutLine: {'line': b'running install_lib\n'}
[1.113853] (f1tenth_gym_ros) StdoutLine: {'line': b'running install_data\n'}
[1.114444] (f1tenth_gym_ros) StdoutLine: {'line': b'copying launch/gym_bridge_launch.py -> /home/sim/sim_ws/install/f1tenth_gym_ros/share/f1tenth_gym_ros/launch\n'}
[1.115109] (f1tenth_gym_ros) StdoutLine: {'line': b'running install_egg_info\n'}
[1.117562] (f1tenth_gym_ros) StdoutLine: {'line': b"removing '/home/sim/sim_ws/install/f1tenth_gym_ros/lib/python3.8/site-packages/f1tenth_gym_ros-0.0.0-py3.8.egg-info' (and everything under it)\n"}
[1.118389] (f1tenth_gym_ros) StdoutLine: {'line': b'Copying ../../build/f1tenth_gym_ros/f1tenth_gym_ros.egg-info to /home/sim/sim_ws/install/f1tenth_gym_ros/lib/python3.8/site-packages/f1tenth_gym_ros-0.0.0-py3.8.egg-info\n'}
[1.121955] (f1tenth_gym_ros) StdoutLine: {'line': b'running install_scripts\n'}
[1.144812] (f1tenth_gym_ros) StdoutLine: {'line': b'Installing gym_bridge script to /home/sim/sim_ws/install/f1tenth_gym_ros/lib/f1tenth_gym_ros\n'}
[1.146706] (f1tenth_gym_ros) StdoutLine: {'line': b"writing list of installed files to '/home/sim/sim_ws/build/f1tenth_gym_ros/install.log'\n"}
[1.191651] (f1tenth_gym_ros) CommandEnded: {'returncode': 0}
[1.209363] (-) TimerEvent: {}
[1.231955] (f1tenth_gym_ros) JobEnded: {'identifier': 'f1tenth_gym_ros', 'rc': 0}
[1.234519] (-) EventReactorShutdown: {}
