[0.000000] (-) TimerEvent: {}
[0.000911] (f1tenth_gym_ros) JobQueued: {'identifier': 'f1tenth_gym_ros', 'dependencies': OrderedDict()}
[0.001361] (f1tenth_gym_ros) JobStarted: {'identifier': 'f1tenth_gym_ros'}
[0.099089] (-) TimerEvent: {}
[0.200992] (-) TimerEvent: {}
[0.301759] (-) TimerEvent: {}
[0.402472] (-) TimerEvent: {}
[0.503323] (-) TimerEvent: {}
[0.607204] (-) TimerEvent: {}
[0.708537] (-) TimerEvent: {}
[0.811272] (-) TimerEvent: {}
[0.914432] (-) TimerEvent: {}
[1.006090] (f1tenth_gym_ros) Command: {'cmd': ['/usr/bin/python3', '-W', 'ignore:setup.py install is deprecated', '-W', 'ignore:easy_install command is deprecated', 'setup.py', 'egg_info', '--egg-base', '../../build/f1tenth_gym_ros', 'build', '--build-base', '/home/sim/sim_ws/build/f1tenth_gym_ros/build', 'install', '--record', '/home/sim/sim_ws/build/f1tenth_gym_ros/install.log', '--single-version-externally-managed', 'install_data'], 'cwd': '/home/sim/sim_ws/src/f1tenth_gym_ros', 'env': {'HOSTNAME': 'WHZ-50558', 'SHLVL': '1', 'HOME': '/home/ros', 'OLDPWD': '/home/sim', 'REMOTE_CONTAINERS': 'true', 'ROS_DISTRO': 'humble', 'REMOTE_CONTAINERS_IPC': '/tmp/vscode-remote-containers-ipc-d5b2ad9f-66e7-4d0d-a0d5-70dbff68872d.sock', '_': '/usr/bin/cat', 'TERM': 'xterm', 'PATH': '/usr/local/sbin:/usr/local/bin:/usr/sbin:/usr/bin:/sbin:/bin', 'DISPLAY': ':0', 'REMOTE_CONTAINERS_SOCKETS': '["/home/ros/.gnupg/S.gpg-agent"]', 'LANG': 'C.UTF-8', 'LS_COLORS': '', 'ROS_DOMAIN_ID': '42', 'SHELL': '/bin/bash', 'ROS_AUTOMATIC_DISCOVERY_RANGE': 'LOCALHOST', 'LC_ALL': 'C.UTF-8', 'PWD': '/home/sim/sim_ws/build/f1tenth_gym_ros', 'COLCON': '1', 'PYTHONPATH': '/home/sim/sim_ws/build/f1tenth_gym_ros/prefix_override:/usr/lib/python3/dist-packages/colcon_core/task/python/colcon_distutils_commands:/home/sim/sim_ws/install/f1tenth_gym_ros/lib/python3.10/site-packages:'}, 'shell': False}
[1.018356] (-) TimerEvent: {}
[1.120857] (-) TimerEvent: {}
[1.223093] (-) TimerEvent: {}
[1.326150] (-) TimerEvent: {}
[1.347012] (f1tenth_gym_ros) StdoutLine: {'line': b'running egg_info\n'}
[1.348731] (f1tenth_gym_ros) StdoutLine: {'line': b'writing ../../build/f1tenth_gym_ros/f1tenth_gym_ros.egg-info/PKG-INFO\n'}
[1.349583] (f1tenth_gym_ros) StdoutLine: {'line': b'writing dependency_links to ../../build/f1tenth_gym_ros/f1tenth_gym_ros.egg-info/dependency_links.txt\n'}
[1.350088] (f1tenth_gym_ros) StdoutLine: {'line': b'writing entry points to ../../build/f1tenth_gym_ros/f1tenth_gym_ros.egg-info/entry_points.txt\n'}
[1.350502] (f1tenth_gym_ros) StdoutLine: {'line': b'writing requirements to ../../build/f1tenth_gym_ros/f1tenth_gym_ros.egg-info/requires.txt\n'}
[1.351127] (f1tenth_gym_ros) StdoutLine: {'line': b'writing top-level names to ../../build/f1tenth_gym_ros/f1tenth_gym_ros.egg-info/top_level.txt\n'}
[1.354682] (f1tenth_gym_ros) StdoutLine: {'line': b"reading manifest file '../../build/f1tenth_gym_ros/f1tenth_gym_ros.egg-info/SOURCES.txt'\n"}
[1.368395] (f1tenth_gym_ros) StdoutLine: {'line': b"adding license file 'LICENSE'\n"}
[1.369911] (f1tenth_gym_ros) StdoutLine: {'line': b"writing manifest file '../../build/f1tenth_gym_ros/f1tenth_gym_ros.egg-info/SOURCES.txt'\n"}
[1.370305] (f1tenth_gym_ros) StdoutLine: {'line': b'running build\n'}
[1.370491] (f1tenth_gym_ros) StdoutLine: {'line': b'running build_py\n'}
[1.371166] (f1tenth_gym_ros) StdoutLine: {'line': b'running install\n'}
[1.371973] (f1tenth_gym_ros) StdoutLine: {'line': b'running install_lib\n'}
[1.374030] (f1tenth_gym_ros) StdoutLine: {'line': b'creating /home/sim/sim_ws/install/f1tenth_gym_ros/lib/python3.10/site-packages/f1tenth_gym_ros\n'}
[1.375875] (f1tenth_gym_ros) StdoutLine: {'line': b'copying /home/sim/sim_ws/build/f1tenth_gym_ros/build/lib/f1tenth_gym_ros/__init__.py -> /home/sim/sim_ws/install/f1tenth_gym_ros/lib/python3.10/site-packages/f1tenth_gym_ros\n'}
[1.376676] (f1tenth_gym_ros) StdoutLine: {'line': b'copying /home/sim/sim_ws/build/f1tenth_gym_ros/build/lib/f1tenth_gym_ros/gym_bridge.py -> /home/sim/sim_ws/install/f1tenth_gym_ros/lib/python3.10/site-packages/f1tenth_gym_ros\n'}
[1.380804] (f1tenth_gym_ros) StdoutLine: {'line': b'byte-compiling /home/sim/sim_ws/install/f1tenth_gym_ros/lib/python3.10/site-packages/f1tenth_gym_ros/__init__.py to __init__.cpython-310.pyc\n'}
[1.383152] (f1tenth_gym_ros) StdoutLine: {'line': b'byte-compiling /home/sim/sim_ws/install/f1tenth_gym_ros/lib/python3.10/site-packages/f1tenth_gym_ros/gym_bridge.py to gym_bridge.cpython-310.pyc\n'}
[1.391387] (f1tenth_gym_ros) StdoutLine: {'line': b'running install_data\n'}
[1.392449] (f1tenth_gym_ros) StdoutLine: {'line': b'running install_egg_info\n'}
[1.396689] (f1tenth_gym_ros) StdoutLine: {'line': b'Copying ../../build/f1tenth_gym_ros/f1tenth_gym_ros.egg-info to /home/sim/sim_ws/install/f1tenth_gym_ros/lib/python3.10/site-packages/f1tenth_gym_ros-0.0.0-py3.10.egg-info\n'}
[1.400670] (f1tenth_gym_ros) StdoutLine: {'line': b'running install_scripts\n'}
[1.427173] (-) TimerEvent: {}
[1.451522] (f1tenth_gym_ros) StdoutLine: {'line': b'Installing gym_bridge script to /home/sim/sim_ws/install/f1tenth_gym_ros/lib/f1tenth_gym_ros\n'}
[1.452468] (f1tenth_gym_ros) StdoutLine: {'line': b"writing list of installed files to '/home/sim/sim_ws/build/f1tenth_gym_ros/install.log'\n"}
[1.502748] (f1tenth_gym_ros) CommandEnded: {'returncode': 0}
[1.527688] (-) TimerEvent: {}
[1.545227] (f1tenth_gym_ros) JobEnded: {'identifier': 'f1tenth_gym_ros', 'rc': 0}
[1.547887] (-) EventReactorShutdown: {}
