[0.000000] (-) TimerEvent: {}
[0.000796] (f1tenth_gym_ros) JobQueued: {'identifier': 'f1tenth_gym_ros', 'dependencies': OrderedDict()}
[0.000866] (f1tenth_gym_ros) JobStarted: {'identifier': 'f1tenth_gym_ros'}
[0.099714] (-) TimerEvent: {}
[0.200366] (-) TimerEvent: {}
[0.300875] (-) TimerEvent: {}
[0.401410] (-) TimerEvent: {}
[0.501868] (-) TimerEvent: {}
[0.602358] (-) TimerEvent: {}
[0.703052] (-) TimerEvent: {}
[0.730105] (f1tenth_gym_ros) Command: {'cmd': ['/usr/bin/python3', 'setup.py', 'egg_info', '--egg-base', '../../build/f1tenth_gym_ros', 'build', '--build-base', '/home/sim/sim_ws/build/f1tenth_gym_ros/build', 'install', '--record', '/home/sim/sim_ws/build/f1tenth_gym_ros/install.log', '--single-version-externally-managed'], 'cwd': '/home/sim/sim_ws/src/f1tenth_gym_ros', 'env': {'HOSTNAME': 'WHZ-50558', 'SHLVL': '1', 'HOME': '/home/ros', 'OLDPWD': '/home/sim', 'REMOTE_CONTAINERS': 'true', 'ROS_DISTRO': 'foxy', 'REMOTE_CONTAINERS_IPC': '/tmp/vscode-remote-containers-ipc-5eb321df-0341-4033-bc9c-26462ac46a79.sock', '_': '/usr/bin/cat', 'TERM': 'xterm', 'PATH': '/usr/local/sbin:/usr/local/bin:/usr/sbin:/usr/bin:/sbin:/bin', 'DISPLAY': ':0', 'REMOTE_CONTAINERS_SOCKETS': '["/home/ros/.gnupg/S.gpg-agent"]', 'LANG': 'C.UTF-8', 'LS_COLORS': '', 'ROS_DOMAIN_ID': '42', 'SHELL': '/bin/bash', 'ROS_AUTOMATIC_DISCOVERY_RANGE': 'LOCALHOST', 'LC_ALL': 'C.UTF-8', 'PWD': '/home/sim/sim_ws/build/f1tenth_gym_ros', 'COLCON': '1', 'PYTHONPATH': '/home/sim/sim_ws/build/f1tenth_gym_ros/prefix_override:/home/sim/sim_ws/install/f1tenth_gym_ros/lib/python3.8/site-packages:'}, 'shell': False}
[0.803322] (-) TimerEvent: {}
[0.903984] (-) TimerEvent: {}
[0.964863] (f1tenth_gym_ros) StdoutLine: {'line': b'running egg_info\n'}
[0.965482] (f1tenth_gym_ros) StdoutLine: {'line': b'creating ../../build/f1tenth_gym_ros/f1tenth_gym_ros.egg-info\n'}
[0.966141] (f1tenth_gym_ros) StdoutLine: {'line': b'writing ../../build/f1tenth_gym_ros/f1tenth_gym_ros.egg-info/PKG-INFO\n'}
[0.966515] (f1tenth_gym_ros) StdoutLine: {'line': b'writing dependency_links to ../../build/f1tenth_gym_ros/f1tenth_gym_ros.egg-info/dependency_links.txt\n'}
[0.966707] (f1tenth_gym_ros) StdoutLine: {'line': b'writing entry points to ../../build/f1tenth_gym_ros/f1tenth_gym_ros.egg-info/entry_points.txt\n'}
[0.966929] (f1tenth_gym_ros) StdoutLine: {'line': b'writing requirements to ../../build/f1tenth_gym_ros/f1tenth_gym_ros.egg-info/requires.txt\n'}
[0.967213] (f1tenth_gym_ros) StdoutLine: {'line': b'writing top-level names to ../../build/f1tenth_gym_ros/f1tenth_gym_ros.egg-info/top_level.txt\n'}
[0.973932] (f1tenth_gym_ros) StdoutLine: {'line': b"writing manifest file '../../build/f1tenth_gym_ros/f1tenth_gym_ros.egg-info/SOURCES.txt'\n"}
[1.004147] (-) TimerEvent: {}
[1.010309] (f1tenth_gym_ros) StdoutLine: {'line': b"reading manifest file '../../build/f1tenth_gym_ros/f1tenth_gym_ros.egg-info/SOURCES.txt'\n"}
[1.011017] (f1tenth_gym_ros) StdoutLine: {'line': b"writing manifest file '../../build/f1tenth_gym_ros/f1tenth_gym_ros.egg-info/SOURCES.txt'\n"}
[1.011273] (f1tenth_gym_ros) StdoutLine: {'line': b'running build\n'}
[1.011413] (f1tenth_gym_ros) StdoutLine: {'line': b'running build_py\n'}
[1.011804] (f1tenth_gym_ros) StdoutLine: {'line': b'creating /home/sim/sim_ws/build/f1tenth_gym_ros/build\n'}
[1.012263] (f1tenth_gym_ros) StdoutLine: {'line': b'creating /home/sim/sim_ws/build/f1tenth_gym_ros/build/lib\n'}
[1.012764] (f1tenth_gym_ros) StdoutLine: {'line': b'creating /home/sim/sim_ws/build/f1tenth_gym_ros/build/lib/f1tenth_gym_ros\n'}
[1.013330] (f1tenth_gym_ros) StdoutLine: {'line': b'copying f1tenth_gym_ros/__init__.py -> /home/sim/sim_ws/build/f1tenth_gym_ros/build/lib/f1tenth_gym_ros\n'}
[1.014142] (f1tenth_gym_ros) StdoutLine: {'line': b'copying f1tenth_gym_ros/gym_bridge.py -> /home/sim/sim_ws/build/f1tenth_gym_ros/build/lib/f1tenth_gym_ros\n'}
[1.015020] (f1tenth_gym_ros) StdoutLine: {'line': b'running install\n'}
[1.016047] (f1tenth_gym_ros) StdoutLine: {'line': b'running install_lib\n'}
[1.017970] (f1tenth_gym_ros) StdoutLine: {'line': b'creating /home/sim/sim_ws/install/f1tenth_gym_ros/lib/python3.8/site-packages/f1tenth_gym_ros\n'}
[1.018906] (f1tenth_gym_ros) StdoutLine: {'line': b'copying /home/sim/sim_ws/build/f1tenth_gym_ros/build/lib/f1tenth_gym_ros/__init__.py -> /home/sim/sim_ws/install/f1tenth_gym_ros/lib/python3.8/site-packages/f1tenth_gym_ros\n'}
[1.019179] (f1tenth_gym_ros) StdoutLine: {'line': b'copying /home/sim/sim_ws/build/f1tenth_gym_ros/build/lib/f1tenth_gym_ros/gym_bridge.py -> /home/sim/sim_ws/install/f1tenth_gym_ros/lib/python3.8/site-packages/f1tenth_gym_ros\n'}
[1.019964] (f1tenth_gym_ros) StdoutLine: {'line': b'byte-compiling /home/sim/sim_ws/install/f1tenth_gym_ros/lib/python3.8/site-packages/f1tenth_gym_ros/__init__.py to __init__.cpython-38.pyc\n'}
[1.022282] (f1tenth_gym_ros) StdoutLine: {'line': b'byte-compiling /home/sim/sim_ws/install/f1tenth_gym_ros/lib/python3.8/site-packages/f1tenth_gym_ros/gym_bridge.py to gym_bridge.cpython-38.pyc\n'}
[1.027641] (f1tenth_gym_ros) StdoutLine: {'line': b'running install_data\n'}
[1.028227] (f1tenth_gym_ros) StdoutLine: {'line': b'creating /home/sim/sim_ws/install/f1tenth_gym_ros/share/ament_index\n'}
[1.030846] (f1tenth_gym_ros) StdoutLine: {'line': b'creating /home/sim/sim_ws/install/f1tenth_gym_ros/share/ament_index/resource_index\n'}
[1.032089] (f1tenth_gym_ros) StdoutLine: {'line': b'creating /home/sim/sim_ws/install/f1tenth_gym_ros/share/ament_index/resource_index/packages\n'}
[1.032815] (f1tenth_gym_ros) StdoutLine: {'line': b'copying resource/f1tenth_gym_ros -> /home/sim/sim_ws/install/f1tenth_gym_ros/share/ament_index/resource_index/packages\n'}
[1.033760] (f1tenth_gym_ros) StdoutLine: {'line': b'copying package.xml -> /home/sim/sim_ws/install/f1tenth_gym_ros/share/f1tenth_gym_ros\n'}
[1.034456] (f1tenth_gym_ros) StdoutLine: {'line': b'creating /home/sim/sim_ws/install/f1tenth_gym_ros/share/f1tenth_gym_ros/launch\n'}
[1.035251] (f1tenth_gym_ros) StdoutLine: {'line': b'copying launch/gym_bridge_launch.py -> /home/sim/sim_ws/install/f1tenth_gym_ros/share/f1tenth_gym_ros/launch\n'}
[1.035879] (f1tenth_gym_ros) StdoutLine: {'line': b'copying launch/ego_racecar.xacro -> /home/sim/sim_ws/install/f1tenth_gym_ros/share/f1tenth_gym_ros/launch\n'}
[1.036524] (f1tenth_gym_ros) StdoutLine: {'line': b'copying launch/opp_racecar.xacro -> /home/sim/sim_ws/install/f1tenth_gym_ros/share/f1tenth_gym_ros/launch\n'}
[1.036766] (f1tenth_gym_ros) StdoutLine: {'line': b'copying launch/gym_bridge.rviz -> /home/sim/sim_ws/install/f1tenth_gym_ros/share/f1tenth_gym_ros/launch\n'}
[1.037127] (f1tenth_gym_ros) StdoutLine: {'line': b'creating /home/sim/sim_ws/install/f1tenth_gym_ros/share/f1tenth_gym_ros/config\n'}
[1.038166] (f1tenth_gym_ros) StdoutLine: {'line': b'copying config/sim.yaml -> /home/sim/sim_ws/install/f1tenth_gym_ros/share/f1tenth_gym_ros/config\n'}
[1.038437] (f1tenth_gym_ros) StdoutLine: {'line': b'running install_egg_info\n'}
[1.040585] (f1tenth_gym_ros) StdoutLine: {'line': b'Copying ../../build/f1tenth_gym_ros/f1tenth_gym_ros.egg-info to /home/sim/sim_ws/install/f1tenth_gym_ros/lib/python3.8/site-packages/f1tenth_gym_ros-0.0.0-py3.8.egg-info\n'}
[1.044478] (f1tenth_gym_ros) StdoutLine: {'line': b'running install_scripts\n'}
[1.065942] (f1tenth_gym_ros) StdoutLine: {'line': b'Installing gym_bridge script to /home/sim/sim_ws/install/f1tenth_gym_ros/lib/f1tenth_gym_ros\n'}
[1.068039] (f1tenth_gym_ros) StdoutLine: {'line': b"writing list of installed files to '/home/sim/sim_ws/build/f1tenth_gym_ros/install.log'\n"}
[1.097092] (f1tenth_gym_ros) CommandEnded: {'returncode': 0}
[1.104303] (-) TimerEvent: {}
[1.132342] (f1tenth_gym_ros) JobEnded: {'identifier': 'f1tenth_gym_ros', 'rc': 0}
[1.134068] (-) EventReactorShutdown: {}
