[1.572s] Invoking command in '/home/sim/sim_ws/src/f1tenth_gym_ros': PYTHONPATH=/home/sim/sim_ws/build/f1tenth_gym_ros/prefix_override:/usr/lib/python3/dist-packages/colcon_core/task/python/colcon_distutils_commands:/home/sim/sim_ws/install/f1tenth_gym_ros/lib/python3.12/site-packages: /usr/bin/python3 -W ignore:setup.py install is deprecated -W ignore:easy_install command is deprecated setup.py egg_info --egg-base ../../build/f1tenth_gym_ros build --build-base /home/sim/sim_ws/build/f1tenth_gym_ros/build install --record /home/sim/sim_ws/build/f1tenth_gym_ros/install.log --single-version-externally-managed install_data
[1.833s] /home/ros/.local/lib/python3.12/site-packages/setuptools/_distutils/dist.py:289: UserWarning: Unknown distribution option: 'tests_require'
[1.833s]   warnings.warn(msg)
[1.937s] running egg_info
[1.950s] writing ../../build/f1tenth_gym_ros/f1tenth_gym_ros.egg-info/PKG-INFO
[1.951s] writing dependency_links to ../../build/f1tenth_gym_ros/f1tenth_gym_ros.egg-info/dependency_links.txt
[1.952s] writing entry points to ../../build/f1tenth_gym_ros/f1tenth_gym_ros.egg-info/entry_points.txt
[1.952s] writing requirements to ../../build/f1tenth_gym_ros/f1tenth_gym_ros.egg-info/requires.txt
[1.952s] writing top-level names to ../../build/f1tenth_gym_ros/f1tenth_gym_ros.egg-info/top_level.txt
[1.987s] reading manifest file '../../build/f1tenth_gym_ros/f1tenth_gym_ros.egg-info/SOURCES.txt'
[1.987s] adding license file 'LICENSE'
[1.989s] writing manifest file '../../build/f1tenth_gym_ros/f1tenth_gym_ros.egg-info/SOURCES.txt'
[1.990s] running build
[1.990s] running build_py
[1.990s] copying f1tenth_gym_ros/__init__.py -> /home/sim/sim_ws/build/f1tenth_gym_ros/build/lib/f1tenth_gym_ros
[1.993s] copying f1tenth_gym_ros/gym_bridge.py -> /home/sim/sim_ws/build/f1tenth_gym_ros/build/lib/f1tenth_gym_ros
[1.995s] running install
[2.008s] running install_lib
[2.022s] running install_data
[2.023s] copying resource/f1tenth_gym_ros -> /home/sim/sim_ws/install/f1tenth_gym_ros/share/ament_index/resource_index/packages
[2.023s] copying package.xml -> /home/sim/sim_ws/install/f1tenth_gym_ros/share/f1tenth_gym_ros
[2.024s] copying launch/gym_bridge_launch.py -> /home/sim/sim_ws/install/f1tenth_gym_ros/share/f1tenth_gym_ros/launch
[2.027s] copying launch/ego_racecar.xacro -> /home/sim/sim_ws/install/f1tenth_gym_ros/share/f1tenth_gym_ros/launch
[2.029s] copying launch/opp_racecar.xacro -> /home/sim/sim_ws/install/f1tenth_gym_ros/share/f1tenth_gym_ros/launch
[2.030s] copying launch/gym_bridge.rviz -> /home/sim/sim_ws/install/f1tenth_gym_ros/share/f1tenth_gym_ros/launch
[2.030s] copying config/sim.yaml -> /home/sim/sim_ws/install/f1tenth_gym_ros/share/f1tenth_gym_ros/config
[2.032s] running install_egg_info
[2.051s] removing '/home/sim/sim_ws/install/f1tenth_gym_ros/lib/python3.12/site-packages/f1tenth_gym_ros-0.0.0-py3.12.egg-info' (and everything under it)
[2.052s] Copying ../../build/f1tenth_gym_ros/f1tenth_gym_ros.egg-info to /home/sim/sim_ws/install/f1tenth_gym_ros/lib/python3.12/site-packages/f1tenth_gym_ros-0.0.0-py3.12.egg-info
[2.056s] running install_scripts
[2.148s] Installing gym_bridge script to /home/sim/sim_ws/install/f1tenth_gym_ros/lib/f1tenth_gym_ros
[2.149s] writing list of installed files to '/home/sim/sim_ws/build/f1tenth_gym_ros/install.log'
[2.186s] Invoked command in '/home/sim/sim_ws/src/f1tenth_gym_ros' returned '0': PYTHONPATH=/home/sim/sim_ws/build/f1tenth_gym_ros/prefix_override:/usr/lib/python3/dist-packages/colcon_core/task/python/colcon_distutils_commands:/home/sim/sim_ws/install/f1tenth_gym_ros/lib/python3.12/site-packages: /usr/bin/python3 -W ignore:setup.py install is deprecated -W ignore:easy_install command is deprecated setup.py egg_info --egg-base ../../build/f1tenth_gym_ros build --build-base /home/sim/sim_ws/build/f1tenth_gym_ros/build install --record /home/sim/sim_ws/build/f1tenth_gym_ros/install.log --single-version-externally-managed install_data
